0.Alabama - Successful scraping process
1.Alaska - Successful scraping process
2.Arizona - Successful scraping process
3.Arkansas - Successful scraping process
4.California - Successful scraping process
5.Colorado - Successful scraping process
6.Connecticut - Successful scraping process
7.Delaware - Successful scraping process
8.Florida - Successful scraping process
9.Georgia - Successful scraping process
10.Hawaii - Successful scraping process
11.Idaho - Successful scraping process
12.Illinois - Successful scraping process
13.Indiana - Successful scraping process
14.Iowa - Successful scraping process
15.Kansas - Successful scraping process
16.Kentucky - Successful scraping process
17.Louisiana - Successful scraping process
18.Maine - Successful scraping process
19.Maryland - Successful scraping process
20.Massachusetts - Successful scraping process
21.Michigan - Successful scraping process
22.Minnesota - Successful scraping process
23.Mississippi - Successful scraping process
24.Missouri - Successful scraping process
25.Montana - Successful scraping process
26.Nebraska - Successful scraping process
27.Nevada - Successful scraping process
28.New Hampshire - Successful scraping process
29.New Jersey - Successful scraping process
30.New Mexico - Successful scraping process
31.New York - Successful scraping process
32.North Carolina - Successful scraping process
33.North Dakota - Successful scraping process
34.Ohio - Successful scraping process
35.Oklahoma - Successful scraping process
36.Oregon - Successful scraping process
37.Pennsylvania - Successful scraping process
38.Rhode Island - Successful scraping process
39.South Carolina - Successful scraping process
40.South Dakota - Successful scraping process
41.Tennessee - Successful scraping process
42.Texas - Successful scraping process
43.Utah - Successful scraping process
44.Vermont - Successful scraping process
45.Virginia - Successful scraping process
46.Washington - Successful scraping process
47.West Virginia - Successful scraping process
48.Wisconsin - Successful scraping process
49.Wyoming - Successful scraping process
